<?xml version="1.0" encoding="UTF-8"?>
<robot generator="Robot 6.1.1 (Python 3.10.10 on win32)" generated="20240124 18:46:30.614" rpa="false" schemaversion="4">
<suite id="s1" name="TestCaseSet" source="C:\Users\Professional\PycharmProjects\RobotDemo\tests\TestCaseSet.robot">
<test id="s1-t1" name="add Events API2.0 bot" line="157">
<kw name="Evaluate" library="BuiltIn">
<var>${options}</var>
<arg>sys.modules['selenium.webdriver'].ChromeOptions()</arg>
<arg>sys</arg>
<doc>Evaluates the given expression in Python and returns the result.</doc>
<msg timestamp="20240124 18:46:31.028" level="INFO">${options} = &lt;selenium.webdriver.chrome.options.Options object at 0x000002147C1A6E30&gt;</msg>
<status status="PASS" starttime="20240124 18:46:31.027" endtime="20240124 18:46:31.030"/>
</kw>
<kw name="Call Method" library="BuiltIn">
<arg>${options}</arg>
<arg>add_argument</arg>
<arg>--disable-notifications</arg>
<doc>Calls the named method of the given object with the provided arguments.</doc>
<status status="PASS" starttime="20240124 18:46:31.030" endtime="20240124 18:46:31.031"/>
</kw>
<kw name="Call Method" library="BuiltIn">
<arg>${options}</arg>
<arg>add_argument</arg>
<arg>--disable-infobars</arg>
<doc>Calls the named method of the given object with the provided arguments.</doc>
<status status="PASS" starttime="20240124 18:46:31.031" endtime="20240124 18:46:31.032"/>
</kw>
<kw name="Call Method" library="BuiltIn">
<arg>${options}</arg>
<arg>add_argument</arg>
<arg>--disable-extensions</arg>
<doc>Calls the named method of the given object with the provided arguments.</doc>
<status status="PASS" starttime="20240124 18:46:31.032" endtime="20240124 18:46:31.033"/>
</kw>
<kw name="Call Method" library="BuiltIn">
<arg>${options}</arg>
<arg>add_argument</arg>
<arg>--no-sandbox</arg>
<doc>Calls the named method of the given object with the provided arguments.</doc>
<status status="PASS" starttime="20240124 18:46:31.033" endtime="20240124 18:46:31.034"/>
</kw>
<kw name="Call Method" library="BuiltIn">
<arg>${options}</arg>
<arg>add_argument</arg>
<arg>--start-maximized</arg>
<doc>Calls the named method of the given object with the provided arguments.</doc>
<status status="PASS" starttime="20240124 18:46:31.034" endtime="20240124 18:46:31.035"/>
</kw>
<kw name="Call Method" library="BuiltIn">
<arg>${options}</arg>
<arg>add_argument</arg>
<arg>--disable-dev-shm-usage</arg>
<doc>Calls the named method of the given object with the provided arguments.</doc>
<status status="PASS" starttime="20240124 18:46:31.035" endtime="20240124 18:46:31.035"/>
</kw>
<kw name="Create Webdriver" library="SeleniumLibrary">
<arg>Chrome</arg>
<arg>options=${options}</arg>
<doc>Creates an instance of Selenium WebDriver.</doc>
<msg timestamp="20240124 18:46:31.037" level="INFO">Creating an instance of the Chrome WebDriver.</msg>
<status status="PASS" starttime="20240124 18:46:31.036" endtime="20240124 18:46:32.130"/>
</kw>
<kw name="Go To" library="SeleniumLibrary">
<arg>https://pre.bonp.me//member</arg>
<doc>Navigates the current browser window to the provided ``url``.</doc>
<msg timestamp="20240124 18:46:32.131" level="INFO">Opening url 'https://pre.bonp.me//member'</msg>
<status status="PASS" starttime="20240124 18:46:32.130" endtime="20240124 18:46:33.117"/>
</kw>
<kw name="Wait Until Element Is Visible" library="SeleniumLibrary">
<arg>//input[@name='email']</arg>
<arg>timeout=10s</arg>
<doc>Waits until the element ``locator`` is visible.</doc>
<msg timestamp="20240124 18:46:33.127" level="WARN">Keyword 'Capture Page Screenshot' could not be run on failure: Message: no such window: target window already closed
from unknown error: web view not found
  (Session info: chrome=120.0.6099.225)
Stacktrace:
	GetHandleVerifier [0x00007FF60A7982B2+55298]
	(No symbol) [0x00007FF60A705E02]
	(No symbol) [0x00007FF60A5C05AB]
	(No symbol) [0x00007FF60A5A0038]
	(No symbol) [0x00007FF60A626BC7]
	(No symbol) [0x00007FF60A63A15F]
	(No symbol) [0x00007FF60A621E83]
	(No symbol) [0x00007FF60A5F670A]
	(No symbol) [0x00007FF60A5F7964]
	GetHandleVerifier [0x00007FF60AB10AAB+3694587]
	GetHandleVerifier [0x00007FF60AB6728E+4048862]
	GetHandleVerifier [0x00007FF60AB5F173+4015811]
	GetHandleVerifier [0x00007FF60A8347D6+695590]
	(No symbol) [0x00007FF60A710CE8]
	(No symbol) [0x00007FF60A70CF34]
	(No symbol) [0x00007FF60A70D062]
	(No symbol) [0x00007FF60A6FD3A3]
	BaseThreadInitThunk [0x00007FF9048A7034+20]
	RtlUserThreadStart [0x00007FF905B02651+33]
</msg>
<msg timestamp="20240124 18:46:33.128" level="FAIL">NoSuchWindowException: Message: no such window: target window already closed
from unknown error: web view not found
  (Session info: chrome=120.0.6099.225)
Stacktrace:
	GetHandleVerifier [0x00007FF60A7982B2+55298]
	(No symbol) [0x00007FF60A705E02]
	(No symbol) [0x00007FF60A5C05AB]
	(No symbol) [0x00007FF60A5A0038]
	(No symbol) [0x00007FF60A626BC7]
	(No symbol) [0x00007FF60A63A15F]
	(No symbol) [0x00007FF60A621E83]
	(No symbol) [0x00007FF60A5F670A]
	(No symbol) [0x00007FF60A5F7964]
	GetHandleVerifier [0x00007FF60AB10AAB+3694587]
	GetHandleVerifier [0x00007FF60AB6728E+4048862]
	GetHandleVerifier [0x00007FF60AB5F173+4015811]
	GetHandleVerifier [0x00007FF60A8347D6+695590]
	(No symbol) [0x00007FF60A710CE8]
	(No symbol) [0x00007FF60A70CF34]
	(No symbol) [0x00007FF60A70D062]
	(No symbol) [0x00007FF60A6FD3A3]
	BaseThreadInitThunk [0x00007FF9048A7034+20]
	RtlUserThreadStart [0x00007FF905B02651+33]
</msg>
<status status="FAIL" starttime="20240124 18:46:33.117" endtime="20240124 18:46:33.150"/>
</kw>
<kw name="Wait Until Element Is Enabled" library="SeleniumLibrary">
<arg>//input[@name='email']</arg>
<arg>timeout=10s</arg>
<doc>Waits until the element ``locator`` is enabled.</doc>
<status status="NOT RUN" starttime="20240124 18:46:33.150" endtime="20240124 18:46:33.151"/>
</kw>
<kw name="Input Text" library="SeleniumLibrary">
<arg>//input[@name='email']</arg>
<arg>alexandra@evolany.com</arg>
<doc>Types the given ``text`` into the text field identified by ``locator``.</doc>
<status status="NOT RUN" starttime="20240124 18:46:33.151" endtime="20240124 18:46:33.151"/>
</kw>
<kw name="Wait Until Element Is Visible" library="SeleniumLibrary">
<arg>//input[@name='pass']</arg>
<arg>timeout=10s</arg>
<doc>Waits until the element ``locator`` is visible.</doc>
<status status="NOT RUN" starttime="20240124 18:46:33.151" endtime="20240124 18:46:33.152"/>
</kw>
<kw name="Wait Until Element Is Enabled" library="SeleniumLibrary">
<arg>//input[@name='pass']</arg>
<arg>timeout=10s</arg>
<doc>Waits until the element ``locator`` is enabled.</doc>
<status status="NOT RUN" starttime="20240124 18:46:33.152" endtime="20240124 18:46:33.153"/>
</kw>
<kw name="Input Text" library="SeleniumLibrary">
<arg>//input[@name='pass']</arg>
<arg>221373897221373897qW!</arg>
<doc>Types the given ``text`` into the text field identified by ``locator``.</doc>
<status status="NOT RUN" starttime="20240124 18:46:33.153" endtime="20240124 18:46:33.153"/>
</kw>
<kw name="Wait Until Element Is Visible" library="SeleniumLibrary">
<arg>//button[@type='text']</arg>
<doc>Waits until the element ``locator`` is visible.</doc>
<status status="NOT RUN" starttime="20240124 18:46:33.153" endtime="20240124 18:46:33.154"/>
</kw>
<kw name="Wait Until Element Is Enabled" library="SeleniumLibrary">
<arg>//button[@type='text']</arg>
<doc>Waits until the element ``locator`` is enabled.</doc>
<status status="NOT RUN" starttime="20240124 18:46:33.154" endtime="20240124 18:46:33.154"/>
</kw>
<kw name="Click Button" library="SeleniumLibrary">
<arg>//button[@type='text']</arg>
<doc>Clicks the button identified by ``locator``.</doc>
<status status="NOT RUN" starttime="20240124 18:46:33.155" endtime="20240124 18:46:33.156"/>
</kw>
<kw name="Wait Until Element Is Visible" library="SeleniumLibrary">
<arg>(//table[@class='list-view']/tr/td[@i='0'])</arg>
<arg>timeout=10s</arg>
<doc>Waits until the element ``locator`` is visible.</doc>
<status status="NOT RUN" starttime="20240124 18:46:33.156" endtime="20240124 18:46:33.157"/>
</kw>
<kw name="Wait Until Element Is Enabled" library="SeleniumLibrary">
<arg>(//table[@class='list-view']/tr/td[@i='0'])</arg>
<arg>timeout=10s</arg>
<doc>Waits until the element ``locator`` is enabled.</doc>
<status status="NOT RUN" starttime="20240124 18:46:33.157" endtime="20240124 18:46:33.158"/>
</kw>
<kw name="Click Element" library="SeleniumLibrary">
<arg>(//table[@class='list-view']/tr/td[@i='0'])</arg>
<doc>Click the element identified by ``locator``.</doc>
<status status="NOT RUN" starttime="20240124 18:46:33.158" endtime="20240124 18:46:33.158"/>
</kw>
<kw name="Wait Until Element Is Visible" library="SeleniumLibrary">
<arg>//h1[contains(.,'test_robotframework_bot_api2.0')]</arg>
<arg>timeout=10s</arg>
<doc>Waits until the element ``locator`` is visible.</doc>
<status status="NOT RUN" starttime="20240124 18:46:33.158" endtime="20240124 18:46:33.159"/>
</kw>
<kw name="Click Element" library="SeleniumLibrary">
<arg>//a[@class='miniapps icon dots-v']</arg>
<doc>Click the element identified by ``locator``.</doc>
<status status="NOT RUN" starttime="20240124 18:46:33.159" endtime="20240124 18:46:33.159"/>
</kw>
<kw name="Wait Until Element Is Visible" library="SeleniumLibrary">
<arg>//section[@class='submenus']/ul/li</arg>
<arg>timeout=10s</arg>
<doc>Waits until the element ``locator`` is visible.</doc>
<status status="NOT RUN" starttime="20240124 18:46:33.159" endtime="20240124 18:46:33.160"/>
</kw>
<kw name="Wait Until Element Is Enabled" library="SeleniumLibrary">
<arg>//section[@class='submenus']/ul/li</arg>
<arg>timeout=10s</arg>
<doc>Waits until the element ``locator`` is enabled.</doc>
<status status="NOT RUN" starttime="20240124 18:46:33.160" endtime="20240124 18:46:33.161"/>
</kw>
<kw name="Click Element" library="SeleniumLibrary">
<arg>(//section[@class='submenus']/ul/li)[2]</arg>
<doc>Click the element identified by ``locator``.</doc>
<status status="NOT RUN" starttime="20240124 18:46:33.161" endtime="20240124 18:46:33.162"/>
</kw>
<kw name="Wait Until Element Is Visible" library="SeleniumLibrary">
<arg>//button[@class='new icon plus-square']</arg>
<arg>timeout=10s</arg>
<doc>Waits until the element ``locator`` is visible.</doc>
<status status="NOT RUN" starttime="20240124 18:46:33.162" endtime="20240124 18:46:33.163"/>
</kw>
<kw name="Wait Until Element Is Enabled" library="SeleniumLibrary">
<arg>//button[@class='new icon plus-square']</arg>
<arg>timeout=10s</arg>
<doc>Waits until the element ``locator`` is enabled.</doc>
<status status="NOT RUN" starttime="20240124 18:46:33.163" endtime="20240124 18:46:33.164"/>
</kw>
<kw name="Click Button" library="SeleniumLibrary">
<arg>//button[@class='new icon plus-square']</arg>
<doc>Clicks the button identified by ``locator``.</doc>
<status status="NOT RUN" starttime="20240124 18:46:33.164" endtime="20240124 18:46:33.164"/>
</kw>
<kw name="Input Text" library="SeleniumLibrary">
<arg>//input[@name='linkto']</arg>
<arg>https://www.udemy.com/</arg>
<doc>Types the given ``text`` into the text field identified by ``locator``.</doc>
<status status="NOT RUN" starttime="20240124 18:46:33.165" endtime="20240124 18:46:33.165"/>
</kw>
<kw name="Choose File" library="SeleniumLibrary">
<arg>(//input[@type='file'])[1]</arg>
<arg>C://Users//Professional//PycharmProjects//suffering-upd//uploaddata//event_img1.jpg</arg>
<doc>Inputs the ``file_path`` into the file input field ``locator``.</doc>
<status status="NOT RUN" starttime="20240124 18:46:33.165" endtime="20240124 18:46:33.165"/>
</kw>
<kw name="Input Text" library="SeleniumLibrary">
<arg>//input[@name='title']</arg>
<arg>Test Event1</arg>
<doc>Types the given ``text`` into the text field identified by ``locator``.</doc>
<status status="NOT RUN" starttime="20240124 18:46:33.165" endtime="20240124 18:46:33.165"/>
</kw>
<kw name="Input Text" library="SeleniumLibrary">
<arg>//textarea[@name='desc']</arg>
<arg>Lorem ipsum dolor sit amet, consectetur adipiscing elit. Quisque vitae arcu turpis. Morbi quis dignissim nunc, nec luctus nibh. In luctus porttitor posuere. Quisque.</arg>
<doc>Types the given ``text`` into the text field identified by ``locator``.</doc>
<status status="NOT RUN" starttime="20240124 18:46:33.166" endtime="20240124 18:46:33.166"/>
</kw>
<kw name="Input Text" library="SeleniumLibrary">
<arg>//input[@name='seats']</arg>
<arg>1</arg>
<doc>Types the given ``text`` into the text field identified by ``locator``.</doc>
<status status="NOT RUN" starttime="20240124 18:46:33.166" endtime="20240124 18:46:33.166"/>
</kw>
<kw name="Sleep" library="BuiltIn">
<arg>2s</arg>
<doc>Pauses the test executed for the given time.</doc>
<status status="NOT RUN" starttime="20240124 18:46:33.167" endtime="20240124 18:46:33.167"/>
</kw>
<kw name="Wait Until Element Is Visible" library="SeleniumLibrary">
<arg>//button[@class='icon save']</arg>
<arg>timeout=10s</arg>
<doc>Waits until the element ``locator`` is visible.</doc>
<status status="NOT RUN" starttime="20240124 18:46:33.167" endtime="20240124 18:46:33.167"/>
</kw>
<kw name="Wait Until Element Is Enabled" library="SeleniumLibrary">
<arg>//button[@class='icon save']</arg>
<arg>timeout=10s</arg>
<doc>Waits until the element ``locator`` is enabled.</doc>
<status status="NOT RUN" starttime="20240124 18:46:33.167" endtime="20240124 18:46:33.168"/>
</kw>
<kw name="Click Button" library="SeleniumLibrary">
<arg>//button[@class='icon save']</arg>
<doc>Clicks the button identified by ``locator``.</doc>
<status status="NOT RUN" starttime="20240124 18:46:33.168" endtime="20240124 18:46:33.168"/>
</kw>
<kw name="Sleep" library="BuiltIn">
<arg>6s</arg>
<doc>Pauses the test executed for the given time.</doc>
<status status="NOT RUN" starttime="20240124 18:46:33.168" endtime="20240124 18:46:33.168"/>
</kw>
<kw name="Click Element" library="SeleniumLibrary">
<arg>//footer/button</arg>
<doc>Click the element identified by ``locator``.</doc>
<status status="NOT RUN" starttime="20240124 18:46:33.168" endtime="20240124 18:46:33.169"/>
</kw>
<kw name="Wait Until Element Is Visible" library="SeleniumLibrary">
<arg>//button[@class='new icon plus-square']</arg>
<arg>timeout=10s</arg>
<doc>Waits until the element ``locator`` is visible.</doc>
<status status="NOT RUN" starttime="20240124 18:46:33.169" endtime="20240124 18:46:33.169"/>
</kw>
<kw name="Wait Until Element Is Enabled" library="SeleniumLibrary">
<arg>//button[@class='new icon plus-square']</arg>
<arg>timeout=10s</arg>
<doc>Waits until the element ``locator`` is enabled.</doc>
<status status="NOT RUN" starttime="20240124 18:46:33.169" endtime="20240124 18:46:33.170"/>
</kw>
<kw name="Click Button" library="SeleniumLibrary">
<arg>//button[@class='new icon plus-square']</arg>
<doc>Clicks the button identified by ``locator``.</doc>
<status status="NOT RUN" starttime="20240124 18:46:33.170" endtime="20240124 18:46:33.170"/>
</kw>
<kw name="Input Text" library="SeleniumLibrary">
<arg>//input[@name='linkto']</arg>
<arg>https://www.udemy.com/</arg>
<doc>Types the given ``text`` into the text field identified by ``locator``.</doc>
<status status="NOT RUN" starttime="20240124 18:46:33.170" endtime="20240124 18:46:33.170"/>
</kw>
<kw name="Choose File" library="SeleniumLibrary">
<arg>(//input[@type='file'])[1]</arg>
<arg>C://Users//Professional//PycharmProjects//suffering-upd//uploaddata//event_img2.jpg</arg>
<doc>Inputs the ``file_path`` into the file input field ``locator``.</doc>
<status status="NOT RUN" starttime="20240124 18:46:33.171" endtime="20240124 18:46:33.171"/>
</kw>
<kw name="Input Text" library="SeleniumLibrary">
<arg>//input[@name='title']</arg>
<arg>Test Event2</arg>
<doc>Types the given ``text`` into the text field identified by ``locator``.</doc>
<status status="NOT RUN" starttime="20240124 18:46:33.172" endtime="20240124 18:46:33.173"/>
</kw>
<kw name="Input Text" library="SeleniumLibrary">
<arg>//textarea[@name='desc']</arg>
<arg>Lorem ipsum dolor sit amet, consectetur adipiscing elit. Quisque vitae arcu turpis. Morbi quis dignissim nunc, nec luctus nibh. In luctus porttitor posuere. Quisque.</arg>
<doc>Types the given ``text`` into the text field identified by ``locator``.</doc>
<status status="NOT RUN" starttime="20240124 18:46:33.173" endtime="20240124 18:46:33.174"/>
</kw>
<kw name="Input Text" library="SeleniumLibrary">
<arg>//input[@name='seats']</arg>
<arg>1</arg>
<doc>Types the given ``text`` into the text field identified by ``locator``.</doc>
<status status="NOT RUN" starttime="20240124 18:46:33.174" endtime="20240124 18:46:33.175"/>
</kw>
<kw name="Sleep" library="BuiltIn">
<arg>2s</arg>
<doc>Pauses the test executed for the given time.</doc>
<status status="NOT RUN" starttime="20240124 18:46:33.175" endtime="20240124 18:46:33.175"/>
</kw>
<kw name="Wait Until Element Is Visible" library="SeleniumLibrary">
<arg>//button[@class='icon save']</arg>
<arg>timeout=10s</arg>
<doc>Waits until the element ``locator`` is visible.</doc>
<status status="NOT RUN" starttime="20240124 18:46:33.175" endtime="20240124 18:46:33.175"/>
</kw>
<kw name="Wait Until Element Is Enabled" library="SeleniumLibrary">
<arg>//button[@class='icon save']</arg>
<arg>timeout=10s</arg>
<doc>Waits until the element ``locator`` is enabled.</doc>
<status status="NOT RUN" starttime="20240124 18:46:33.176" endtime="20240124 18:46:33.176"/>
</kw>
<kw name="Click Button" library="SeleniumLibrary">
<arg>//button[@class='icon save']</arg>
<doc>Clicks the button identified by ``locator``.</doc>
<status status="NOT RUN" starttime="20240124 18:46:33.176" endtime="20240124 18:46:33.176"/>
</kw>
<kw name="Sleep" library="BuiltIn">
<arg>6s</arg>
<doc>Pauses the test executed for the given time.</doc>
<status status="NOT RUN" starttime="20240124 18:46:33.176" endtime="20240124 18:46:33.177"/>
</kw>
<kw name="Click Element" library="SeleniumLibrary">
<arg>//footer/button</arg>
<doc>Click the element identified by ``locator``.</doc>
<status status="NOT RUN" starttime="20240124 18:46:33.177" endtime="20240124 18:46:33.177"/>
</kw>
<kw name="Wait Until Element Is Visible" library="SeleniumLibrary">
<arg>//button[@class='new icon plus-square']</arg>
<arg>timeout=10s</arg>
<doc>Waits until the element ``locator`` is visible.</doc>
<status status="NOT RUN" starttime="20240124 18:46:33.177" endtime="20240124 18:46:33.177"/>
</kw>
<kw name="Wait Until Element Is Enabled" library="SeleniumLibrary">
<arg>//button[@class='new icon plus-square']</arg>
<arg>timeout=10s</arg>
<doc>Waits until the element ``locator`` is enabled.</doc>
<status status="NOT RUN" starttime="20240124 18:46:33.177" endtime="20240124 18:46:33.177"/>
</kw>
<kw name="Click Button" library="SeleniumLibrary">
<arg>//button[@class='new icon plus-square']</arg>
<doc>Clicks the button identified by ``locator``.</doc>
<status status="NOT RUN" starttime="20240124 18:46:33.178" endtime="20240124 18:46:33.178"/>
</kw>
<kw name="Input Text" library="SeleniumLibrary">
<arg>//input[@name='linkto']</arg>
<arg>https://www.udemy.com/</arg>
<doc>Types the given ``text`` into the text field identified by ``locator``.</doc>
<status status="NOT RUN" starttime="20240124 18:46:33.178" endtime="20240124 18:46:33.178"/>
</kw>
<kw name="Choose File" library="SeleniumLibrary">
<arg>(//input[@type='file'])[1]</arg>
<arg>C://Users//Professional//PycharmProjects//suffering-upd//uploaddata//event_img3.jpg</arg>
<doc>Inputs the ``file_path`` into the file input field ``locator``.</doc>
<status status="NOT RUN" starttime="20240124 18:46:33.178" endtime="20240124 18:46:33.178"/>
</kw>
<kw name="Input Text" library="SeleniumLibrary">
<arg>//input[@name='title']</arg>
<arg>Test Event2</arg>
<doc>Types the given ``text`` into the text field identified by ``locator``.</doc>
<status status="NOT RUN" starttime="20240124 18:46:33.178" endtime="20240124 18:46:33.179"/>
</kw>
<kw name="Input Text" library="SeleniumLibrary">
<arg>//textarea[@name='desc']</arg>
<arg>Lorem ipsum dolor sit amet, consectetur adipiscing elit. Quisque vitae arcu turpis. Morbi quis dignissim nunc, nec luctus nibh. In luctus porttitor posuere. Quisque.</arg>
<doc>Types the given ``text`` into the text field identified by ``locator``.</doc>
<status status="NOT RUN" starttime="20240124 18:46:33.179" endtime="20240124 18:46:33.179"/>
</kw>
<kw name="Input Text" library="SeleniumLibrary">
<arg>//input[@name='seats']</arg>
<arg>1</arg>
<doc>Types the given ``text`` into the text field identified by ``locator``.</doc>
<status status="NOT RUN" starttime="20240124 18:46:33.179" endtime="20240124 18:46:33.179"/>
</kw>
<kw name="Sleep" library="BuiltIn">
<arg>2s</arg>
<doc>Pauses the test executed for the given time.</doc>
<status status="NOT RUN" starttime="20240124 18:46:33.179" endtime="20240124 18:46:33.180"/>
</kw>
<kw name="Wait Until Element Is Visible" library="SeleniumLibrary">
<arg>//button[@class='icon save']</arg>
<arg>timeout=10s</arg>
<doc>Waits until the element ``locator`` is visible.</doc>
<status status="NOT RUN" starttime="20240124 18:46:33.180" endtime="20240124 18:46:33.180"/>
</kw>
<kw name="Wait Until Element Is Enabled" library="SeleniumLibrary">
<arg>//button[@class='icon save']</arg>
<arg>timeout=10s</arg>
<doc>Waits until the element ``locator`` is enabled.</doc>
<status status="NOT RUN" starttime="20240124 18:46:33.180" endtime="20240124 18:46:33.180"/>
</kw>
<kw name="Click Button" library="SeleniumLibrary">
<arg>//button[@class='icon save']</arg>
<doc>Clicks the button identified by ``locator``.</doc>
<status status="NOT RUN" starttime="20240124 18:46:33.180" endtime="20240124 18:46:33.180"/>
</kw>
<kw name="Sleep" library="BuiltIn">
<arg>6s</arg>
<doc>Pauses the test executed for the given time.</doc>
<status status="NOT RUN" starttime="20240124 18:46:33.180" endtime="20240124 18:46:33.181"/>
</kw>
<kw name="Click Element" library="SeleniumLibrary">
<arg>//footer/button</arg>
<doc>Click the element identified by ``locator``.</doc>
<status status="NOT RUN" starttime="20240124 18:46:33.181" endtime="20240124 18:46:33.181"/>
</kw>
<kw name="Close Browser" library="SeleniumLibrary" type="TEARDOWN">
<doc>Closes the current browser.</doc>
<status status="PASS" starttime="20240124 18:46:33.181" endtime="20240124 18:46:35.324"/>
</kw>
<doc>This test case adds 3 events for BR V2 API2.0 bot under Evolany Co., Ltd. company.</doc>
<status status="FAIL" starttime="20240124 18:46:31.024" endtime="20240124 18:46:35.325">NoSuchWindowException: Message: no such window: target window already closed
from unknown error: web view not found
  (Session info: chrome=120.0.6099.225)
Stacktrace:
	GetHandleVerifier [0x00007FF60A7982B2+55298]
	(No symbol) [0x00007FF60A705E02]
	(No symbol) [0x00007FF60A5C05AB]
	(No symbol) [0x00007FF60A5A0038]
	(No symbol) [0x00007FF60A626BC7]
	(No symbol) [0x00007FF60A63A15F]
	(No symbol) [0x00007FF60A621E83]
	(No symbol) [0x00007FF60A5F670A]
	(No symbol) [0x00007FF60A5F7964]
	GetHandleVerifier [0x00007FF60AB10AAB+3694587]
	GetHandleVerifier [0x00007FF60AB6728E+4048862]
	GetHandleVerifier [0x00007FF60AB5F173+4015811]
	GetHandleVerifier [0x00007FF60A8347D6+695590]
	(No symbol) [0x00007FF60A710CE8]
	(No symbol) [0x00007FF60A70CF34]
	(No symbol) [0x00007FF60A70D062]
	(No symbol) [0x00007FF60A6FD3A3]
	BaseThreadInitThunk [0x00007FF9048A7034+20]
	RtlUserThreadStart [0x00007FF905B02651+33]
</status>
</test>
<status status="FAIL" starttime="20240124 18:46:30.617" endtime="20240124 18:46:35.325"/>
</suite>
<statistics>
<total>
<stat pass="0" fail="1" skip="0">All Tests</stat>
</total>
<tag>
</tag>
<suite>
<stat pass="0" fail="1" skip="0" id="s1" name="TestCaseSet">TestCaseSet</stat>
</suite>
</statistics>
<errors>
<msg timestamp="20240124 18:46:33.127" level="WARN">Keyword 'Capture Page Screenshot' could not be run on failure: Message: no such window: target window already closed
from unknown error: web view not found
  (Session info: chrome=120.0.6099.225)
Stacktrace:
	GetHandleVerifier [0x00007FF60A7982B2+55298]
	(No symbol) [0x00007FF60A705E02]
	(No symbol) [0x00007FF60A5C05AB]
	(No symbol) [0x00007FF60A5A0038]
	(No symbol) [0x00007FF60A626BC7]
	(No symbol) [0x00007FF60A63A15F]
	(No symbol) [0x00007FF60A621E83]
	(No symbol) [0x00007FF60A5F670A]
	(No symbol) [0x00007FF60A5F7964]
	GetHandleVerifier [0x00007FF60AB10AAB+3694587]
	GetHandleVerifier [0x00007FF60AB6728E+4048862]
	GetHandleVerifier [0x00007FF60AB5F173+4015811]
	GetHandleVerifier [0x00007FF60A8347D6+695590]
	(No symbol) [0x00007FF60A710CE8]
	(No symbol) [0x00007FF60A70CF34]
	(No symbol) [0x00007FF60A70D062]
	(No symbol) [0x00007FF60A6FD3A3]
	BaseThreadInitThunk [0x00007FF9048A7034+20]
	RtlUserThreadStart [0x00007FF905B02651+33]
</msg>
</errors>
</robot>
