<?xml version="1.0" encoding="UTF-8"?>
<robot generator="Robot 6.1.1 (Python 3.10.10 on win32)" generated="20240201 11:22:53.247" rpa="false" schemaversion="4">
<suite id="s1" name="Demo" source="C:\Users\Professional\PycharmProjects\RobotDemo\tests\Demo.robot">
<test id="s1-t1" name="send textitem1 broadcast" line="106">
<kw name="Setup Webdriver" type="SETUP">
<kw name="Evaluate" library="BuiltIn">
<var>${options}</var>
<arg>sys.modules['selenium.webdriver'].ChromeOptions()</arg>
<arg>sys</arg>
<doc>Evaluates the given expression in Python and returns the result.</doc>
<msg timestamp="20240201 11:22:53.447" level="INFO">${options} = &lt;selenium.webdriver.chrome.options.Options object at 0x000001C1FB0BD090&gt;</msg>
<status status="PASS" starttime="20240201 11:22:53.447" endtime="20240201 11:22:53.447"/>
</kw>
<kw name="Call Method" library="BuiltIn">
<arg>${options}</arg>
<arg>add_argument</arg>
<arg>--disable-extensions</arg>
<doc>Calls the named method of the given object with the provided arguments.</doc>
<status status="PASS" starttime="20240201 11:22:53.447" endtime="20240201 11:22:53.448"/>
</kw>
<kw name="Call Method" library="BuiltIn">
<arg>${options}</arg>
<arg>add_experimental_option</arg>
<arg>prefs</arg>
<arg>{'device.scale_factor': 2}</arg>
<doc>Calls the named method of the given object with the provided arguments.</doc>
<status status="PASS" starttime="20240201 11:22:53.448" endtime="20240201 11:22:53.448"/>
</kw>
<kw name="Call Method" library="BuiltIn">
<arg>${options}</arg>
<arg>add_experimental_option</arg>
<arg>useAutomationExtension</arg>
<arg>False</arg>
<doc>Calls the named method of the given object with the provided arguments.</doc>
<status status="PASS" starttime="20240201 11:22:53.448" endtime="20240201 11:22:53.448"/>
</kw>
<kw name="Call Method" library="BuiltIn">
<arg>${options}</arg>
<arg>add_experimental_option</arg>
<arg>prefs</arg>
<arg>{'high-dpi-support': 1}</arg>
<doc>Calls the named method of the given object with the provided arguments.</doc>
<status status="PASS" starttime="20240201 11:22:53.448" endtime="20240201 11:22:53.448"/>
</kw>
<kw name="Call Method" library="BuiltIn">
<arg>${options}</arg>
<arg>add_argument</arg>
<arg>--disable-web-security</arg>
<doc>Calls the named method of the given object with the provided arguments.</doc>
<status status="PASS" starttime="20240201 11:22:53.448" endtime="20240201 11:22:53.448"/>
</kw>
<kw name="Call Method" library="BuiltIn">
<arg>${options}</arg>
<arg>add_argument</arg>
<arg>--disable-infobars</arg>
<doc>Calls the named method of the given object with the provided arguments.</doc>
<status status="PASS" starttime="20240201 11:22:53.449" endtime="20240201 11:22:53.449"/>
</kw>
<kw name="Call Method" library="BuiltIn">
<arg>${options}</arg>
<arg>add_argument</arg>
<arg>--disable-notifications</arg>
<doc>Calls the named method of the given object with the provided arguments.</doc>
<status status="PASS" starttime="20240201 11:22:53.449" endtime="20240201 11:22:53.449"/>
</kw>
<kw name="Call Method" library="BuiltIn">
<arg>${options}</arg>
<arg>add_argument</arg>
<arg>--start-maximized</arg>
<doc>Calls the named method of the given object with the provided arguments.</doc>
<status status="PASS" starttime="20240201 11:22:53.449" endtime="20240201 11:22:53.449"/>
</kw>
<kw name="Create Webdriver" library="SeleniumLibrary">
<arg>Chrome</arg>
<arg>options=${options}</arg>
<doc>Creates an instance of Selenium WebDriver.</doc>
<msg timestamp="20240201 11:22:53.449" level="INFO">Creating an instance of the Chrome WebDriver.</msg>
<msg timestamp="20240201 11:22:55.994" level="INFO">Cannot capture screenshot because no browser is open.</msg>
<msg timestamp="20240201 11:22:55.994" level="FAIL">InvalidArgumentException: Message: invalid argument: cannot parse capability: goog:chromeOptions
from invalid argument: cannot parse prefs
from invalid argument: must be a dictionary
Stacktrace:
	GetHandleVerifier [0x00007FF658A55E42+3538674]
	(No symbol) [0x00007FF658674C02]
	(No symbol) [0x00007FF658525AEB]
	(No symbol) [0x00007FF65854E5A0]
	(No symbol) [0x00007FF65854C3D5]
	(No symbol) [0x00007FF65854BC87]
	(No symbol) [0x00007FF65854C408]
	(No symbol) [0x00007FF65854861C]
	(No symbol) [0x00007FF658597E6E]
	(No symbol) [0x00007FF6585979E4]
	(No symbol) [0x00007FF65859912C]
	(No symbol) [0x00007FF65858EE53]
	(No symbol) [0x00007FF65855F514]
	(No symbol) [0x00007FF658560631]
	GetHandleVerifier [0x00007FF658A86CAD+3738973]
	GetHandleVerifier [0x00007FF658ADC506+4089270]
	GetHandleVerifier [0x00007FF658AD4823+4057299]
	GetHandleVerifier [0x00007FF6587A5C49+720121]
	(No symbol) [0x00007FF65868126F]
	(No symbol) [0x00007FF65867C304]
	(No symbol) [0x00007FF65867C432]
	(No symbol) [0x00007FF65866BD04]
	BaseThreadInitThunk [0x00007FFE44CC7034+20]
	RtlUserThreadStart [0x00007FFE45442651+33]
</msg>
<status status="FAIL" starttime="20240201 11:22:53.449" endtime="20240201 11:22:55.996"/>
</kw>
<kw name="Set Selenium Implicit Wait" library="SeleniumLibrary">
<arg>20s</arg>
<doc>Sets the implicit wait value used by Selenium.</doc>
<status status="NOT RUN" starttime="20240201 11:22:55.996" endtime="20240201 11:22:55.996"/>
</kw>
<status status="FAIL" starttime="20240201 11:22:53.447" endtime="20240201 11:22:55.996"/>
</kw>
<kw name="Close Browser" library="SeleniumLibrary" type="TEARDOWN">
<doc>Closes the current browser.</doc>
<status status="PASS" starttime="20240201 11:22:55.997" endtime="20240201 11:22:55.997"/>
</kw>
<doc>This test sends a broadcast message (textitem1) to all users using regular broadcasting functionality.</doc>
<tag>API1.0</tag>
<tag>Broadcast</tag>
<tag>Demo</tag>
<tag>New App Popup</tag>
<tag>Regression</tag>
<status status="FAIL" starttime="20240201 11:22:53.446" endtime="20240201 11:22:55.997">Setup failed:
InvalidArgumentException: Message: invalid argument: cannot parse capability: goog:chromeOptions
from invalid argument: cannot parse prefs
from invalid argument: must be a dictionary
Stacktrace:
	GetHandleVerifier [0x00007FF658A55E42+3538674]
	(No symbol) [0x00007FF658674C02]
	(No symbol) [0x00007FF658525AEB]
	(No symbol) [0x00007FF65854E5A0]
	(No symbol) [0x00007FF65854C3D5]
	(No symbol) [0x00007FF65854BC87]
	(No symbol) [0x00007FF65854C408]
	(No symbol) [0x00007FF65854861C]
	(No symbol) [0x00007FF658597E6E]
	(No symbol) [0x00007FF6585979E4]
	(No symbol) [0x00007FF65859912C]
	(No symbol) [0x00007FF65858EE53]
	(No symbol) [0x00007FF65855F514]
	(No symbol) [0x00007FF658560631]
	GetHandleVerifier [0x00007FF658A86CAD+3738973]
	GetHandleVerifier [0x00007FF658ADC506+4089270]
	GetHandleVerifier [0x00007FF658AD4823+4057299]
	GetHandleVerifier [0x00007FF6587A5C49+720121]
	(No symbol) [0x00007FF65868126F]
	(No symbol) [0x00007FF65867C304]
	(No symbol) [0x00007FF65867C432]
	(No symbol) [0x00007FF65866BD04]
	BaseThreadInitThunk [0x00007FFE44CC7034+20]
	RtlUserThreadStart [0x00007FFE45442651+33]
</status>
</test>
<status status="FAIL" starttime="20240201 11:22:53.248" endtime="20240201 11:22:55.998"/>
</suite>
<statistics>
<total>
<stat pass="0" fail="1" skip="0">All Tests</stat>
</total>
<tag>
<stat pass="0" fail="1" skip="0">API1.0</stat>
<stat pass="0" fail="1" skip="0">Broadcast</stat>
<stat pass="0" fail="1" skip="0">Demo</stat>
<stat pass="0" fail="1" skip="0">New App Popup</stat>
<stat pass="0" fail="1" skip="0">Regression</stat>
</tag>
<suite>
<stat pass="0" fail="1" skip="0" id="s1" name="Demo">Demo</stat>
</suite>
</statistics>
<errors>
</errors>
</robot>
